Analysis & Synthesis report for crossbar
Fri Oct 05 23:59:22 2018
Quartus Prime Version 18.0.0 Build 614 04/24/2018 SJ Lite Edition


---------------------
; Table of Contents ;
---------------------
  1. Legal Notice
  2. Analysis & Synthesis Summary
  3. Analysis & Synthesis Settings
  4. Parallel Compilation
  5. Analysis & Synthesis Source Files Read
  6. Analysis & Synthesis Resource Usage Summary
  7. Analysis & Synthesis Resource Utilization by Entity
  8. Registers Removed During Synthesis
  9. Removed Registers Triggering Further Register Optimizations
 10. General Register Statistics
 11. Inverted Register Statistics
 12. Multiplexer Restructuring Statistics (Restructuring Performed)
 13. Parameter Settings for User Entity Instance: arbiter:a0
 14. Parameter Settings for User Entity Instance: arbiter:a1
 15. Port Connectivity Checks: "arbiter:a1"
 16. Port Connectivity Checks: "arbiter:a0"
 17. Post-Synthesis Netlist Statistics for Top Partition
 18. Elapsed Time Per Partition
 19. Analysis & Synthesis Messages
 20. Analysis & Synthesis Suppressed Messages



----------------
; Legal Notice ;
----------------
Copyright (C) 2018  Intel Corporation. All rights reserved.
Your use of Intel Corporation's design tools, logic functions 
and other software and tools, and its AMPP partner logic 
functions, and any output files from any of the foregoing 
(including device programming or simulation files), and any 
associated documentation or information are expressly subject 
to the terms and conditions of the Intel Program License 
Subscription Agreement, the Intel Quartus Prime License Agreement,
the Intel FPGA IP License Agreement, or other applicable license
agreement, including, without limitation, that your use is for
the sole purpose of programming logic devices manufactured by
Intel and sold by Intel or its authorized distributors.  Please
refer to the applicable agreement for further details.



+-------------------------------------------------------------------------------+
; Analysis & Synthesis Summary                                                  ;
+---------------------------------+---------------------------------------------+
; Analysis & Synthesis Status     ; Successful - Fri Oct 05 23:54:33 2018       ;
; Quartus Prime Version           ; 18.0.0 Build 614 04/24/2018 SJ Lite Edition ;
; Revision Name                   ; crossbar                                    ;
; Top-level Entity Name           ; crossbar                                    ;
; Family                          ; Cyclone V                                   ;
; Logic utilization (in ALMs)     ; N/A                                         ;
; Total registers                 ; 210                                         ;
; Total pins                      ; 399                                         ;
; Total virtual pins              ; 0                                           ;
; Total block memory bits         ; 0                                           ;
; Total DSP Blocks                ; 0                                           ;
; Total HSSI RX PCSs              ; 0                                           ;
; Total HSSI PMA RX Deserializers ; 0                                           ;
; Total HSSI TX PCSs              ; 0                                           ;
; Total HSSI PMA TX Serializers   ; 0                                           ;
; Total PLLs                      ; 0                                           ;
; Total DLLs                      ; 0                                           ;
+---------------------------------+---------------------------------------------+


+---------------------------------------------------------------------------------------------------------------------------+
; Analysis & Synthesis Settings                                                                                             ;
+---------------------------------------------------------------------------------+--------------------+--------------------+
; Option                                                                          ; Setting            ; Default Value      ;
+---------------------------------------------------------------------------------+--------------------+--------------------+
; Device                                                                          ; 5CGXFC9E7F35C8     ;                    ;
; Top-level entity name                                                           ; crossbar           ; crossbar           ;
; Family name                                                                     ; Cyclone V          ; Cyclone V          ;
; Use smart compilation                                                           ; Off                ; Off                ;
; Enable parallel Assembler and Timing Analyzer during compilation                ; On                 ; On                 ;
; Enable compact report table                                                     ; Off                ; Off                ;
; Restructure Multiplexers                                                        ; Auto               ; Auto               ;
; MLAB Add Timing Constraints For Mixed-Port Feed-Through Mode Setting Don't Care ; Off                ; Off                ;
; Create Debugging Nodes for IP Cores                                             ; Off                ; Off                ;
; Preserve fewer node names                                                       ; On                 ; On                 ;
; Intel FPGA IP Evaluation Mode                                                   ; Enable             ; Enable             ;
; Verilog Version                                                                 ; Verilog_2001       ; Verilog_2001       ;
; VHDL Version                                                                    ; VHDL_1993          ; VHDL_1993          ;
; State Machine Processing                                                        ; Auto               ; Auto               ;
; Safe State Machine                                                              ; Off                ; Off                ;
; Extract Verilog State Machines                                                  ; On                 ; On                 ;
; Extract VHDL State Machines                                                     ; On                 ; On                 ;
; Ignore Verilog initial constructs                                               ; Off                ; Off                ;
; Iteration limit for constant Verilog loops                                      ; 5000               ; 5000               ;
; Iteration limit for non-constant Verilog loops                                  ; 250                ; 250                ;
; Add Pass-Through Logic to Inferred RAMs                                         ; On                 ; On                 ;
; Infer RAMs from Raw Logic                                                       ; On                 ; On                 ;
; Parallel Synthesis                                                              ; On                 ; On                 ;
; DSP Block Balancing                                                             ; Auto               ; Auto               ;
; NOT Gate Push-Back                                                              ; On                 ; On                 ;
; Power-Up Don't Care                                                             ; On                 ; On                 ;
; Remove Redundant Logic Cells                                                    ; Off                ; Off                ;
; Remove Duplicate Registers                                                      ; On                 ; On                 ;
; Ignore CARRY Buffers                                                            ; Off                ; Off                ;
; Ignore CASCADE Buffers                                                          ; Off                ; Off                ;
; Ignore GLOBAL Buffers                                                           ; Off                ; Off                ;
; Ignore ROW GLOBAL Buffers                                                       ; Off                ; Off                ;
; Ignore LCELL Buffers                                                            ; Off                ; Off                ;
; Ignore SOFT Buffers                                                             ; On                 ; On                 ;
; Limit AHDL Integers to 32 Bits                                                  ; Off                ; Off                ;
; Optimization Technique                                                          ; Balanced           ; Balanced           ;
; Carry Chain Length                                                              ; 70                 ; 70                 ;
; Auto Carry Chains                                                               ; On                 ; On                 ;
; Auto Open-Drain Pins                                                            ; On                 ; On                 ;
; Perform WYSIWYG Primitive Resynthesis                                           ; Off                ; Off                ;
; Auto ROM Replacement                                                            ; On                 ; On                 ;
; Auto RAM Replacement                                                            ; On                 ; On                 ;
; Auto DSP Block Replacement                                                      ; On                 ; On                 ;
; Auto Shift Register Replacement                                                 ; Auto               ; Auto               ;
; Allow Shift Register Merging across Hierarchies                                 ; Auto               ; Auto               ;
; Auto Clock Enable Replacement                                                   ; On                 ; On                 ;
; Strict RAM Replacement                                                          ; Off                ; Off                ;
; Allow Synchronous Control Signals                                               ; On                 ; On                 ;
; Force Use of Synchronous Clear Signals                                          ; Off                ; Off                ;
; Auto Resource Sharing                                                           ; Off                ; Off                ;
; Allow Any RAM Size For Recognition                                              ; Off                ; Off                ;
; Allow Any ROM Size For Recognition                                              ; Off                ; Off                ;
; Allow Any Shift Register Size For Recognition                                   ; Off                ; Off                ;
; Use LogicLock Constraints during Resource Balancing                             ; On                 ; On                 ;
; Ignore translate_off and synthesis_off directives                               ; Off                ; Off                ;
; Timing-Driven Synthesis                                                         ; On                 ; On                 ;
; Report Parameter Settings                                                       ; On                 ; On                 ;
; Report Source Assignments                                                       ; On                 ; On                 ;
; Report Connectivity Checks                                                      ; On                 ; On                 ;
; Ignore Maximum Fan-Out Assignments                                              ; Off                ; Off                ;
; Synchronization Register Chain Length                                           ; 3                  ; 3                  ;
; Power Optimization During Synthesis                                             ; Normal compilation ; Normal compilation ;
; HDL message level                                                               ; Level2             ; Level2             ;
; Suppress Register Optimization Related Messages                                 ; Off                ; Off                ;
; Number of Removed Registers Reported in Synthesis Report                        ; 5000               ; 5000               ;
; Number of Swept Nodes Reported in Synthesis Report                              ; 5000               ; 5000               ;
; Number of Inverted Registers Reported in Synthesis Report                       ; 100                ; 100                ;
; Clock MUX Protection                                                            ; On                 ; On                 ;
; Auto Gated Clock Conversion                                                     ; Off                ; Off                ;
; Block Design Naming                                                             ; Auto               ; Auto               ;
; SDC constraint protection                                                       ; Off                ; Off                ;
; Synthesis Effort                                                                ; Auto               ; Auto               ;
; Shift Register Replacement - Allow Asynchronous Clear Signal                    ; On                 ; On                 ;
; Pre-Mapping Resynthesis Optimization                                            ; Off                ; Off                ;
; Analysis & Synthesis Message Level                                              ; Medium             ; Medium             ;
; Disable Register Merging Across Hierarchies                                     ; Auto               ; Auto               ;
; Resource Aware Inference For Block RAM                                          ; On                 ; On                 ;
; Automatic Parallel Synthesis                                                    ; On                 ; On                 ;
; Partial Reconfiguration Bitstream ID                                            ; Off                ; Off                ;
+---------------------------------------------------------------------------------+--------------------+--------------------+


+------------------------------------------+
; Parallel Compilation                     ;
+----------------------------+-------------+
; Processors                 ; Number      ;
+----------------------------+-------------+
; Number detected on machine ; 4           ;
; Maximum allowed            ; 2           ;
;                            ;             ;
; Average used               ; 1.00        ;
; Maximum used               ; 2           ;
;                            ;             ;
; Usage by Processor         ; % Time Used ;
;     Processor 1            ; 100.0%      ;
;     Processor 2            ;   0.0%      ;
+----------------------------+-------------+


+-------------------------------------------------------------------------------------------------------------------------------------------------+
; Analysis & Synthesis Source Files Read                                                                                                          ;
+----------------------------------+-----------------+------------------------+---------------------------------------------------------+---------+
; File Name with User-Entered Path ; Used in Netlist ; File Type              ; File Name with Absolute Path                            ; Library ;
+----------------------------------+-----------------+------------------------+---------------------------------------------------------+---------+
; ../../11111/toMaster.v           ; yes             ; User Verilog HDL File  ; D:/intelFPGA_lite/v2/crossbar_restored/11111/toMaster.v ;         ;
; ../../11111/crossbar.v           ; yes             ; User Verilog HDL File  ; D:/intelFPGA_lite/v2/crossbar_restored/11111/crossbar.v ;         ;
; ../../11111/arbiter.v            ; yes             ; User Verilog HDL File  ; D:/intelFPGA_lite/v2/crossbar_restored/11111/arbiter.v  ;         ;
+----------------------------------+-----------------+------------------------+---------------------------------------------------------+---------+


+---------------------------------------------------------+
; Analysis & Synthesis Resource Usage Summary             ;
+---------------------------------------------+-----------+
; Resource                                    ; Usage     ;
+---------------------------------------------+-----------+
; Estimate of Logic utilization (ALMs needed) ; 110       ;
;                                             ;           ;
; Combinational ALUT usage for logic          ; 22        ;
;     -- 7 input functions                    ; 0         ;
;     -- 6 input functions                    ; 2         ;
;     -- 5 input functions                    ; 4         ;
;     -- 4 input functions                    ; 4         ;
;     -- <=3 input functions                  ; 12        ;
;                                             ;           ;
; Dedicated logic registers                   ; 210       ;
;                                             ;           ;
; I/O pins                                    ; 399       ;
;                                             ;           ;
; Total DSP Blocks                            ; 0         ;
;                                             ;           ;
; Maximum fan-out node                        ; clk~input ;
; Maximum fan-out                             ; 210       ;
; Total fan-out                               ; 1739      ;
; Average fan-out                             ; 1.69      ;
+---------------------------------------------+-----------+


+------------------------------------------------------------------------------------------------------------------------------------------------------------------------------------------------+
; Analysis & Synthesis Resource Utilization by Entity                                                                                                                                            ;
+----------------------------+---------------------+---------------------------+-------------------+------------+------+--------------+-----------------------------+-------------+--------------+
; Compilation Hierarchy Node ; Combinational ALUTs ; Dedicated Logic Registers ; Block Memory Bits ; DSP Blocks ; Pins ; Virtual Pins ; Full Hierarchy Name         ; Entity Name ; Library Name ;
+----------------------------+---------------------+---------------------------+-------------------+------------+------+--------------+-----------------------------+-------------+--------------+
; |crossbar                  ; 22 (2)              ; 210 (0)                   ; 0                 ; 0          ; 399  ; 0            ; |crossbar                   ; crossbar    ; work         ;
;    |arbiter:a0|            ; 9 (9)               ; 69 (69)                   ; 0                 ; 0          ; 0    ; 0            ; |crossbar|arbiter:a0        ; arbiter     ; work         ;
;    |arbiter:a1|            ; 9 (9)               ; 69 (69)                   ; 0                 ; 0          ; 0    ; 0            ; |crossbar|arbiter:a1        ; arbiter     ; work         ;
;    |toMaster:master_0|     ; 1 (1)               ; 36 (36)                   ; 0                 ; 0          ; 0    ; 0            ; |crossbar|toMaster:master_0 ; toMaster    ; work         ;
;    |toMaster:master_1|     ; 1 (1)               ; 36 (36)                   ; 0                 ; 0          ; 0    ; 0            ; |crossbar|toMaster:master_1 ; toMaster    ; work         ;
+----------------------------+---------------------+---------------------------+-------------------+------------+------+--------------+-----------------------------+-------------+--------------+
Note: For table entries with two numbers listed, the numbers in parentheses indicate the number of resources of the given type used by the specific entity alone. The numbers listed outside of parentheses indicate the total resources of the given type used by the specific entity and all of its sub-entities in the hierarchy.


+--------------------------------------------------------------------------------+
; Registers Removed During Synthesis                                             ;
+---------------------------------------+----------------------------------------+
; Register name                         ; Reason for Removal                     ;
+---------------------------------------+----------------------------------------+
; toMaster:master_1|resp                ; Stuck at GND due to stuck port data_in ;
; toMaster:master_0|resp                ; Stuck at GND due to stuck port data_in ;
; toMaster:master_1|gr_r                ; Lost fanout                            ;
; toMaster:master_0|gr_r                ; Lost fanout                            ;
; arbiter:a1|grant1                     ; Lost fanout                            ;
; arbiter:a1|grant0                     ; Lost fanout                            ;
; arbiter:a0|grant1                     ; Lost fanout                            ;
; arbiter:a0|grant0                     ; Lost fanout                            ;
; Total Number of Removed Registers = 8 ;                                        ;
+---------------------------------------+----------------------------------------+


+--------------------------------------------------------------------------------------+
; Removed Registers Triggering Further Register Optimizations                          ;
+------------------------+--------------------+----------------------------------------+
; Register name          ; Reason for Removal ; Registers Removed due to This Register ;
+------------------------+--------------------+----------------------------------------+
; toMaster:master_1|gr_r ; Lost Fanouts       ; arbiter:a1|grant1, arbiter:a0|grant1   ;
; toMaster:master_0|gr_r ; Lost Fanouts       ; arbiter:a1|grant0, arbiter:a0|grant0   ;
+------------------------+--------------------+----------------------------------------+


+------------------------------------------------------+
; General Register Statistics                          ;
+----------------------------------------------+-------+
; Statistic                                    ; Value ;
+----------------------------------------------+-------+
; Total registers                              ; 210   ;
; Number of registers using Synchronous Clear  ; 130   ;
; Number of registers using Synchronous Load   ; 194   ;
; Number of registers using Asynchronous Clear ; 0     ;
; Number of registers using Asynchronous Load  ; 0     ;
; Number of registers using Clock Enable       ; 138   ;
; Number of registers using Preset             ; 0     ;
+----------------------------------------------+-------+


+--------------------------------------------------+
; Inverted Register Statistics                     ;
+----------------------------------------+---------+
; Inverted Register                      ; Fan out ;
+----------------------------------------+---------+
; arbiter:a0|mask[0]                     ; 2       ;
; arbiter:a1|mask[0]                     ; 2       ;
; Total number of inverted registers = 2 ;         ;
+----------------------------------------+---------+


+---------------------------------------------------------------------------------------------------------------------------------------------+
; Multiplexer Restructuring Statistics (Restructuring Performed)                                                                              ;
+--------------------+-----------+---------------+----------------------+------------------------+------------+-------------------------------+
; Multiplexer Inputs ; Bus Width ; Baseline Area ; Area if Restructured ; Saving if Restructured ; Registered ; Example Multiplexer Output    ;
+--------------------+-----------+---------------+----------------------+------------------------+------------+-------------------------------+
; 6:1                ; 2 bits    ; 8 LEs         ; 6 LEs                ; 2 LEs                  ; Yes        ; |crossbar|arbiter:a0|ack_o_1  ;
; 6:1                ; 65 bits   ; 260 LEs       ; 0 LEs                ; 260 LEs                ; Yes        ; |crossbar|arbiter:a0|addr[27] ;
; 6:1                ; 2 bits    ; 8 LEs         ; 6 LEs                ; 2 LEs                  ; Yes        ; |crossbar|arbiter:a1|ack_o_0  ;
; 6:1                ; 65 bits   ; 260 LEs       ; 0 LEs                ; 260 LEs                ; Yes        ; |crossbar|arbiter:a1|cmd      ;
+--------------------+-----------+---------------+----------------------+------------------------+------------+-------------------------------+


+---------------------------------------------------------+
; Parameter Settings for User Entity Instance: arbiter:a0 ;
+----------------+-------+--------------------------------+
; Parameter Name ; Value ; Type                           ;
+----------------+-------+--------------------------------+
; num            ; 0     ; Signed Integer                 ;
+----------------+-------+--------------------------------+
Note: In order to hide this table in the UI and the text report file, please set the "Show Parameter Settings in Synthesis Report" option in "Analysis and Synthesis Settings -> More Settings" to "Off".


+---------------------------------------------------------+
; Parameter Settings for User Entity Instance: arbiter:a1 ;
+----------------+-------+--------------------------------+
; Parameter Name ; Value ; Type                           ;
+----------------+-------+--------------------------------+
; num            ; 1     ; Signed Integer                 ;
+----------------+-------+--------------------------------+
Note: In order to hide this table in the UI and the text report file, please set the "Show Parameter Settings in Synthesis Report" option in "Analysis and Synthesis Settings -> More Settings" to "Off".


+--------------------------------------------------------------------------------------------------------------------------------------------------------+
; Port Connectivity Checks: "arbiter:a1"                                                                                                                 ;
+------+--------+----------+-----------------------------------------------------------------------------------------------------------------------------+
; Port ; Type   ; Severity ; Details                                                                                                                     ;
+------+--------+----------+-----------------------------------------------------------------------------------------------------------------------------+
; addr ; Output ; Warning  ; Output or bidir port (32 bits) is wider than the port expression (31 bits) it drives; bit(s) "addr[31..31]" have no fanouts ;
+------+--------+----------+-----------------------------------------------------------------------------------------------------------------------------+


+--------------------------------------------------------------------------------------------------------------------------------------------------------+
; Port Connectivity Checks: "arbiter:a0"                                                                                                                 ;
+------+--------+----------+-----------------------------------------------------------------------------------------------------------------------------+
; Port ; Type   ; Severity ; Details                                                                                                                     ;
+------+--------+----------+-----------------------------------------------------------------------------------------------------------------------------+
; addr ; Output ; Warning  ; Output or bidir port (32 bits) is wider than the port expression (31 bits) it drives; bit(s) "addr[31..31]" have no fanouts ;
+------+--------+----------+-----------------------------------------------------------------------------------------------------------------------------+


+-----------------------------------------------------+
; Post-Synthesis Netlist Statistics for Top Partition ;
+-----------------------+-----------------------------+
; Type                  ; Count                       ;
+-----------------------+-----------------------------+
; arriav_ff             ; 210                         ;
;     ENA               ; 8                           ;
;     ENA SCLR SLD      ; 130                         ;
;     SLD               ; 64                          ;
;     plain             ; 8                           ;
; arriav_lcell_comb     ; 23                          ;
;     normal            ; 23                          ;
;         0 data inputs ; 1                           ;
;         1 data inputs ; 4                           ;
;         2 data inputs ; 8                           ;
;         4 data inputs ; 4                           ;
;         5 data inputs ; 4                           ;
;         6 data inputs ; 2                           ;
; boundary_port         ; 399                         ;
;                       ;                             ;
; Max LUT depth         ; 1.00                        ;
; Average LUT depth     ; 0.09                        ;
+-----------------------+-----------------------------+


+-------------------------------+
; Elapsed Time Per Partition    ;
+----------------+--------------+
; Partition Name ; Elapsed Time ;
+----------------+--------------+
; Top            ; 00:00:01     ;
+----------------+--------------+


+-------------------------------+
; Analysis & Synthesis Messages ;
+-------------------------------+
Info: *******************************************************************
Info: Running Quartus Prime Analysis & Synthesis
    Info: Version 18.0.0 Build 614 04/24/2018 SJ Lite Edition
    Info: Processing started: Fri Oct 05 23:54:05 2018
Info: Command: quartus_map --read_settings_files=on --write_settings_files=off crossbar -c crossbar
Warning (18236): Number of processors has not been specified which may cause overloading on shared machines.  Set the global assignment NUM_PARALLEL_PROCESSORS in your QSF to an appropriate value for best performance.
Info (20030): Parallel compilation is enabled and will use 2 of the 2 processors detected
Info (12021): Found 1 design units, including 1 entities, in source file /intelfpga_lite/v2/crossbar_restored/11111/tomaster.v
    Info (12023): Found entity 1: toMaster File: D:/intelFPGA_lite/v2/crossbar_restored/11111/toMaster.v Line: 1
Info (12021): Found 1 design units, including 1 entities, in source file /intelfpga_lite/v2/crossbar_restored/11111/testbench_crossbar.v
    Info (12023): Found entity 1: testbench_crossbar File: D:/intelFPGA_lite/v2/crossbar_restored/11111/testbench_crossbar.v Line: 4
Info (12021): Found 1 design units, including 1 entities, in source file /intelfpga_lite/v2/crossbar_restored/11111/slave.v
    Info (12023): Found entity 1: slave File: D:/intelFPGA_lite/v2/crossbar_restored/11111/slave.v Line: 1
Info (12021): Found 1 design units, including 1 entities, in source file /intelfpga_lite/v2/crossbar_restored/11111/crossbar.v
    Info (12023): Found entity 1: crossbar File: D:/intelFPGA_lite/v2/crossbar_restored/11111/crossbar.v Line: 1
Info (12021): Found 1 design units, including 1 entities, in source file /intelfpga_lite/v2/crossbar_restored/11111/arbiter.v
    Info (12023): Found entity 1: arbiter File: D:/intelFPGA_lite/v2/crossbar_restored/11111/arbiter.v Line: 1
Info (12127): Elaborating entity "crossbar" for the top level hierarchy
Info (12128): Elaborating entity "toMaster" for hierarchy "toMaster:master_0" File: D:/intelFPGA_lite/v2/crossbar_restored/11111/crossbar.v Line: 27
Warning (10036): Verilog HDL or VHDL warning at toMaster.v(10): object "req0_rr" assigned a value but never read File: D:/intelFPGA_lite/v2/crossbar_restored/11111/toMaster.v Line: 10
Warning (10036): Verilog HDL or VHDL warning at toMaster.v(10): object "req1_rr" assigned a value but never read File: D:/intelFPGA_lite/v2/crossbar_restored/11111/toMaster.v Line: 10
Warning (10036): Verilog HDL or VHDL warning at toMaster.v(11): object "gr_rr" assigned a value but never read File: D:/intelFPGA_lite/v2/crossbar_restored/11111/toMaster.v Line: 11
Info (10264): Verilog HDL Case Statement information at toMaster.v(45): all case item expressions in this case statement are onehot File: D:/intelFPGA_lite/v2/crossbar_restored/11111/toMaster.v Line: 45
Info (10264): Verilog HDL Case Statement information at toMaster.v(64): all case item expressions in this case statement are onehot File: D:/intelFPGA_lite/v2/crossbar_restored/11111/toMaster.v Line: 64
Info (12128): Elaborating entity "arbiter" for hierarchy "arbiter:a0" File: D:/intelFPGA_lite/v2/crossbar_restored/11111/crossbar.v Line: 46
Info (12128): Elaborating entity "arbiter" for hierarchy "arbiter:a1" File: D:/intelFPGA_lite/v2/crossbar_restored/11111/crossbar.v Line: 59
Warning (12011): Net is missing source, defaulting to GND
    Warning (12110): Net "slave_0_resp" is missing source, defaulting to GND File: D:/intelFPGA_lite/v2/crossbar_restored/11111/crossbar.v Line: 4
    Warning (12110): Net "slave_1_resp" is missing source, defaulting to GND File: D:/intelFPGA_lite/v2/crossbar_restored/11111/crossbar.v Line: 4
Warning (12241): 2 hierarchies have connectivity warnings - see the Connectivity Checks report folder
Warning (13024): Output pins are stuck at VCC or GND
    Warning (13410): Pin "master_0_resp" is stuck at GND File: D:/intelFPGA_lite/v2/crossbar_restored/11111/crossbar.v Line: 4
    Warning (13410): Pin "master_1_resp" is stuck at GND File: D:/intelFPGA_lite/v2/crossbar_restored/11111/crossbar.v Line: 4
    Warning (13410): Pin "slave_0_resp" is stuck at GND File: D:/intelFPGA_lite/v2/crossbar_restored/11111/crossbar.v Line: 4
    Warning (13410): Pin "slave_1_resp" is stuck at GND File: D:/intelFPGA_lite/v2/crossbar_restored/11111/crossbar.v Line: 4
Info (286030): Timing-Driven Synthesis is running
Info (17049): 6 registers lost all their fanouts during netlist optimizations.
Info (144001): Generated suppressed messages file D:/intelFPGA_lite/v2/crossbar_restored/RTL intern/crossbar/output_files/crossbar.map.smsg
Info (16010): Generating hard_block partition "hard_block:auto_generated_inst"
    Info (16011): Adding 0 node(s), including 0 DDIO, 0 PLL, 0 transceiver and 0 LCELL
Warning (21074): Design contains 2 input pin(s) that do not drive logic
    Warning (15610): No output dependent on input pin "slave_0_ack" File: D:/intelFPGA_lite/v2/crossbar_restored/11111/crossbar.v Line: 2
    Warning (15610): No output dependent on input pin "slave_1_ack" File: D:/intelFPGA_lite/v2/crossbar_restored/11111/crossbar.v Line: 2
Info (21057): Implemented 621 device resources after synthesis - the final resource count might be different
    Info (21058): Implemented 199 input pins
    Info (21059): Implemented 200 output pins
    Info (21061): Implemented 222 logic cells
Info: Quartus Prime Analysis & Synthesis was successful. 0 errors, 16 warnings
    Info: Peak virtual memory: 4829 megabytes
    Info: Processing ended: Fri Oct 05 23:54:33 2018
    Info: Elapsed time: 00:00:28
    Info: Total CPU time (on all processors): 00:00:34


+------------------------------------------+
; Analysis & Synthesis Suppressed Messages ;
+------------------------------------------+
The suppressed messages can be found in D:/intelFPGA_lite/v2/crossbar_restored/RTL intern/crossbar/crossbar.map.smsg.


